<?xml version="1.0" encoding="UTF-8"?>
<testng-results skipped="0" failed="0" ignored="0" total="3" passed="3">
  <reporter-output>
  </reporter-output>
  <suite name="Default suite" duration-ms="157" started-at="2022-09-19T09:50:01 IST" finished-at="2022-09-19T09:50:01 IST">
    <groups>
    </groups>
    <test name="Default test" duration-ms="157" started-at="2022-09-19T09:50:01 IST" finished-at="2022-09-19T09:50:01 IST">
      <class name="Program1.IntroductionToTestNG">
        <test-method status="PASS" signature="openurl()[pri:1, instance:Program1.IntroductionToTestNG@3e57cd70]" name="openurl" duration-ms="51" started-at="2022-09-19T09:50:01 IST" finished-at="2022-09-19T09:50:01 IST">
          <reporter-output>
          </reporter-output>
        </test-method> <!-- openurl -->
        <test-method status="PASS" signature="login()[pri:2, instance:Program1.IntroductionToTestNG@3e57cd70]" name="login" duration-ms="3" started-at="2022-09-19T09:50:01 IST" finished-at="2022-09-19T09:50:01 IST">
          <reporter-output>
          </reporter-output>
        </test-method> <!-- login -->
        <test-method status="PASS" signature="logout()[pri:3, instance:Program1.IntroductionToTestNG@3e57cd70]" name="logout" duration-ms="2" started-at="2022-09-19T09:50:01 IST" finished-at="2022-09-19T09:50:01 IST">
          <reporter-output>
          </reporter-output>
        </test-method> <!-- logout -->
      </class> <!-- Program1.IntroductionToTestNG -->
    </test> <!-- Default test -->
  </suite> <!-- Default suite -->
</testng-results>
